{"/mnt/c/Users/newst/projects/gardinier/server/src/middleware/auth.js": {"path":"/mnt/c/Users/newst/projects/gardinier/server/src/middleware/auth.js","statementMap":{"0":{"start":{"line":1,"column":24},"end":{"line":1,"column":52}},"1":{"start":{"line":2,"column":21},"end":{"line":2,"column":52}},"2":{"start":{"line":5,"column":13},"end":{"line":39,"column":1}},"3":{"start":{"line":7,"column":21},"end":{"line":7,"column":48}},"4":{"start":{"line":10,"column":2},"end":{"line":12,"column":3}},"5":{"start":{"line":11,"column":4},"end":{"line":11,"column":81}},"6":{"start":{"line":15,"column":16},"end":{"line":15,"column":40}},"7":{"start":{"line":18,"column":35},"end":{"line":18,"column":53}},"8":{"start":{"line":20,"column":2},"end":{"line":25,"column":3}},"9":{"start":{"line":21,"column":4},"end":{"line":23,"column":5}},"10":{"start":{"line":22,"column":6},"end":{"line":22,"column":84}},"11":{"start":{"line":24,"column":4},"end":{"line":24,"column":62}},"12":{"start":{"line":28,"column":15},"end":{"line":28,"column":32}},"13":{"start":{"line":29,"column":2},"end":{"line":31,"column":3}},"14":{"start":{"line":30,"column":4},"end":{"line":30,"column":63}},"15":{"start":{"line":34,"column":47},"end":{"line":34,"column":51}},"16":{"start":{"line":35,"column":2},"end":{"line":35,"column":33}},"17":{"start":{"line":38,"column":2},"end":{"line":38,"column":9}},"18":{"start":{"line":42,"column":18},"end":{"line":62,"column":1}},"19":{"start":{"line":44,"column":2},"end":{"line":46,"column":3}},"20":{"start":{"line":45,"column":4},"end":{"line":45,"column":20}},"21":{"start":{"line":48,"column":2},"end":{"line":61,"column":4}},"22":{"start":{"line":50,"column":4},"end":{"line":52,"column":5}},"23":{"start":{"line":51,"column":6},"end":{"line":51,"column":63}},"24":{"start":{"line":55,"column":4},"end":{"line":57,"column":5}},"25":{"start":{"line":56,"column":6},"end":{"line":56,"column":86}},"26":{"start":{"line":60,"column":4},"end":{"line":60,"column":11}},"27":{"start":{"line":64,"column":0},"end":{"line":67,"column":2}}},"fnMap":{"0":{"name":"(anonymous_0)","decl":{"start":{"line":5,"column":13},"end":{"line":5,"column":14}},"loc":{"start":{"line":5,"column":33},"end":{"line":39,"column":1}},"line":5},"1":{"name":"(anonymous_1)","decl":{"start":{"line":42,"column":18},"end":{"line":42,"column":19}},"loc":{"start":{"line":42,"column":34},"end":{"line":62,"column":1}},"line":42},"2":{"name":"(anonymous_2)","decl":{"start":{"line":48,"column":9},"end":{"line":48,"column":10}},"loc":{"start":{"line":48,"column":29},"end":{"line":61,"column":3}},"line":48}},"branchMap":{"0":{"loc":{"start":{"line":10,"column":2},"end":{"line":12,"column":3}},"type":"if","locations":[{"start":{"line":10,"column":2},"end":{"line":12,"column":3}},{"start":{},"end":{}}],"line":10},"1":{"loc":{"start":{"line":20,"column":2},"end":{"line":25,"column":3}},"type":"if","locations":[{"start":{"line":20,"column":2},"end":{"line":25,"column":3}},{"start":{},"end":{}}],"line":20},"2":{"loc":{"start":{"line":21,"column":4},"end":{"line":23,"column":5}},"type":"if","locations":[{"start":{"line":21,"column":4},"end":{"line":23,"column":5}},{"start":{},"end":{}}],"line":21},"3":{"loc":{"start":{"line":29,"column":2},"end":{"line":31,"column":3}},"type":"if","locations":[{"start":{"line":29,"column":2},"end":{"line":31,"column":3}},{"start":{},"end":{}}],"line":29},"4":{"loc":{"start":{"line":42,"column":19},"end":{"line":42,"column":29}},"type":"default-arg","locations":[{"start":{"line":42,"column":27},"end":{"line":42,"column":29}}],"line":42},"5":{"loc":{"start":{"line":44,"column":2},"end":{"line":46,"column":3}},"type":"if","locations":[{"start":{"line":44,"column":2},"end":{"line":46,"column":3}},{"start":{},"end":{}}],"line":44},"6":{"loc":{"start":{"line":50,"column":4},"end":{"line":52,"column":5}},"type":"if","locations":[{"start":{"line":50,"column":4},"end":{"line":52,"column":5}},{"start":{},"end":{}}],"line":50},"7":{"loc":{"start":{"line":55,"column":4},"end":{"line":57,"column":5}},"type":"if","locations":[{"start":{"line":55,"column":4},"end":{"line":57,"column":5}},{"start":{},"end":{}}],"line":55},"8":{"loc":{"start":{"line":55,"column":8},"end":{"line":55,"column":54}},"type":"binary-expr","locations":[{"start":{"line":55,"column":8},"end":{"line":55,"column":20}},{"start":{"line":55,"column":24},"end":{"line":55,"column":54}}],"line":55}},"s":{"0":1,"1":1,"2":1,"3":6,"4":6,"5":2,"6":4,"7":4,"8":4,"9":2,"10":1,"11":1,"12":2,"13":2,"14":1,"15":1,"16":1,"17":1,"18":1,"19":5,"20":3,"21":5,"22":5,"23":1,"24":4,"25":1,"26":3,"27":1},"f":{"0":6,"1":5,"2":5},"b":{"0":[2,4],"1":[2,2],"2":[1,1],"3":[1,1],"4":[1],"5":[3,2],"6":[1,4],"7":[1,3],"8":[4,3]},"_coverageSchema":"1a1c01bbd47fc00a2c39e90264f33305004495a9","hash":"9b2e970e685804c5ff4fe5a3322c88ea353c6874"}
,"/mnt/c/Users/newst/projects/gardinier/server/src/middleware/rateLimit.js": {"path":"/mnt/c/Users/newst/projects/gardinier/server/src/middleware/rateLimit.js","statementMap":{"0":{"start":{"line":1,"column":18},"end":{"line":1,"column":47}},"1":{"start":{"line":4,"column":21},"end":{"line":10,"column":2}},"2":{"start":{"line":13,"column":24},"end":{"line":19,"column":2}},"3":{"start":{"line":22,"column":29},"end":{"line":28,"column":2}},"4":{"start":{"line":31,"column":19},"end":{"line":37,"column":2}},"5":{"start":{"line":39,"column":0},"end":{"line":44,"column":2}}},"fnMap":{},"branchMap":{},"s":{"0":1,"1":1,"2":1,"3":1,"4":1,"5":1},"f":{},"b":{},"_coverageSchema":"1a1c01bbd47fc00a2c39e90264f33305004495a9","hash":"e29fbe998339d3548a96b32799e45ee507a914da"}
,"/mnt/c/Users/newst/projects/gardinier/server/src/models/User.js": {"path":"/mnt/c/Users/newst/projects/gardinier/server/src/models/User.js","statementMap":{"0":{"start":{"line":1,"column":17},"end":{"line":1,"column":36}},"1":{"start":{"line":2,"column":15},"end":{"line":2,"column":34}},"2":{"start":{"line":4,"column":19},"end":{"line":64,"column":2}},"3":{"start":{"line":67,"column":0},"end":{"line":77,"column":3}},"4":{"start":{"line":68,"column":2},"end":{"line":68,"column":50}},"5":{"start":{"line":68,"column":36},"end":{"line":68,"column":50}},"6":{"start":{"line":70,"column":2},"end":{"line":76,"column":3}},"7":{"start":{"line":71,"column":17},"end":{"line":71,"column":41}},"8":{"start":{"line":72,"column":4},"end":{"line":72,"column":59}},"9":{"start":{"line":73,"column":4},"end":{"line":73,"column":11}},"10":{"start":{"line":75,"column":4},"end":{"line":75,"column":16}},"11":{"start":{"line":80,"column":0},"end":{"line":82,"column":2}},"12":{"start":{"line":81,"column":2},"end":{"line":81,"column":64}},"13":{"start":{"line":85,"column":13},"end":{"line":85,"column":47}},"14":{"start":{"line":87,"column":0},"end":{"line":87,"column":22}}},"fnMap":{"0":{"name":"(anonymous_0)","decl":{"start":{"line":67,"column":23},"end":{"line":67,"column":24}},"loc":{"start":{"line":67,"column":44},"end":{"line":77,"column":1}},"line":67},"1":{"name":"(anonymous_1)","decl":{"start":{"line":80,"column":37},"end":{"line":80,"column":38}},"loc":{"start":{"line":80,"column":71},"end":{"line":82,"column":1}},"line":80}},"branchMap":{"0":{"loc":{"start":{"line":68,"column":2},"end":{"line":68,"column":50}},"type":"if","locations":[{"start":{"line":68,"column":2},"end":{"line":68,"column":50}},{"start":{},"end":{}}],"line":68}},"s":{"0":1,"1":1,"2":1,"3":1,"4":0,"5":0,"6":0,"7":0,"8":0,"9":0,"10":0,"11":1,"12":0,"13":1,"14":1},"f":{"0":0,"1":0},"b":{"0":[0,0]},"_coverageSchema":"1a1c01bbd47fc00a2c39e90264f33305004495a9","hash":"26d298a09e2f01d0df1e8e769d23dbd9cbceb308"}
,"/mnt/c/Users/newst/projects/gardinier/server/src/routes/auth.js": {"path":"/mnt/c/Users/newst/projects/gardinier/server/src/routes/auth.js","statementMap":{"0":{"start":{"line":1,"column":16},"end":{"line":1,"column":34}},"1":{"start":{"line":2,"column":15},"end":{"line":2,"column":31}},"2":{"start":{"line":9,"column":4},"end":{"line":9,"column":35}},"3":{"start":{"line":10,"column":26},"end":{"line":10,"column":54}},"4":{"start":{"line":11,"column":17},"end":{"line":11,"column":46}},"5":{"start":{"line":16,"column":4},"end":{"line":16,"column":38}},"6":{"start":{"line":19,"column":0},"end":{"line":21,"column":5}},"7":{"start":{"line":20,"column":2},"end":{"line":20,"column":26}},"8":{"start":{"line":26,"column":0},"end":{"line":55,"column":3}},"9":{"start":{"line":27,"column":2},"end":{"line":54,"column":3}},"10":{"start":{"line":28,"column":48},"end":{"line":28,"column":56}},"11":{"start":{"line":31,"column":4},"end":{"line":33,"column":5}},"12":{"start":{"line":32,"column":6},"end":{"line":32,"column":74}},"13":{"start":{"line":36,"column":4},"end":{"line":38,"column":5}},"14":{"start":{"line":37,"column":6},"end":{"line":37,"column":70}},"15":{"start":{"line":41,"column":17},"end":{"line":41,"column":70}},"16":{"start":{"line":44,"column":18},"end":{"line":44,"column":40}},"17":{"start":{"line":47,"column":4},"end":{"line":50,"column":7}},"18":{"start":{"line":52,"column":4},"end":{"line":52,"column":25}},"19":{"start":{"line":53,"column":4},"end":{"line":53,"column":54}},"20":{"start":{"line":60,"column":0},"end":{"line":94,"column":3}},"21":{"start":{"line":61,"column":2},"end":{"line":93,"column":3}},"22":{"start":{"line":62,"column":35},"end":{"line":62,"column":43}},"23":{"start":{"line":65,"column":4},"end":{"line":67,"column":5}},"24":{"start":{"line":66,"column":6},"end":{"line":66,"column":74}},"25":{"start":{"line":70,"column":17},"end":{"line":70,"column":41}},"26":{"start":{"line":71,"column":4},"end":{"line":73,"column":5}},"27":{"start":{"line":72,"column":6},"end":{"line":72,"column":70}},"28":{"start":{"line":76,"column":20},"end":{"line":76,"column":56}},"29":{"start":{"line":77,"column":4},"end":{"line":79,"column":5}},"30":{"start":{"line":78,"column":6},"end":{"line":78,"column":70}},"31":{"start":{"line":82,"column":18},"end":{"line":82,"column":40}},"32":{"start":{"line":85,"column":52},"end":{"line":85,"column":56}},"33":{"start":{"line":86,"column":4},"end":{"line":89,"column":7}},"34":{"start":{"line":91,"column":4},"end":{"line":91,"column":25}},"35":{"start":{"line":92,"column":4},"end":{"line":92,"column":54}},"36":{"start":{"line":99,"column":0},"end":{"line":103,"column":3}},"37":{"start":{"line":102,"column":2},"end":{"line":102,"column":53}},"38":{"start":{"line":108,"column":0},"end":{"line":111,"column":3}},"39":{"start":{"line":110,"column":2},"end":{"line":110,"column":31}},"40":{"start":{"line":113,"column":0},"end":{"line":113,"column":24}}},"fnMap":{"0":{"name":"(anonymous_0)","decl":{"start":{"line":19,"column":1},"end":{"line":19,"column":2}},"loc":{"start":{"line":19,"column":13},"end":{"line":21,"column":1}},"line":19},"1":{"name":"(anonymous_1)","decl":{"start":{"line":26,"column":42},"end":{"line":26,"column":43}},"loc":{"start":{"line":26,"column":62},"end":{"line":55,"column":1}},"line":26},"2":{"name":"(anonymous_2)","decl":{"start":{"line":60,"column":36},"end":{"line":60,"column":37}},"loc":{"start":{"line":60,"column":56},"end":{"line":94,"column":1}},"line":60},"3":{"name":"(anonymous_3)","decl":{"start":{"line":99,"column":54},"end":{"line":99,"column":55}},"loc":{"start":{"line":99,"column":68},"end":{"line":103,"column":1}},"line":99},"4":{"name":"(anonymous_4)","decl":{"start":{"line":108,"column":26},"end":{"line":108,"column":27}},"loc":{"start":{"line":108,"column":40},"end":{"line":111,"column":1}},"line":108}},"branchMap":{"0":{"loc":{"start":{"line":31,"column":4},"end":{"line":33,"column":5}},"type":"if","locations":[{"start":{"line":31,"column":4},"end":{"line":33,"column":5}},{"start":{},"end":{}}],"line":31},"1":{"loc":{"start":{"line":31,"column":8},"end":{"line":31,"column":40}},"type":"binary-expr","locations":[{"start":{"line":31,"column":8},"end":{"line":31,"column":17}},{"start":{"line":31,"column":21},"end":{"line":31,"column":27}},{"start":{"line":31,"column":31},"end":{"line":31,"column":40}}],"line":31},"2":{"loc":{"start":{"line":36,"column":4},"end":{"line":38,"column":5}},"type":"if","locations":[{"start":{"line":36,"column":4},"end":{"line":38,"column":5}},{"start":{},"end":{}}],"line":36},"3":{"loc":{"start":{"line":65,"column":4},"end":{"line":67,"column":5}},"type":"if","locations":[{"start":{"line":65,"column":4},"end":{"line":67,"column":5}},{"start":{},"end":{}}],"line":65},"4":{"loc":{"start":{"line":65,"column":8},"end":{"line":65,"column":30}},"type":"binary-expr","locations":[{"start":{"line":65,"column":8},"end":{"line":65,"column":17}},{"start":{"line":65,"column":21},"end":{"line":65,"column":30}}],"line":65},"5":{"loc":{"start":{"line":71,"column":4},"end":{"line":73,"column":5}},"type":"if","locations":[{"start":{"line":71,"column":4},"end":{"line":73,"column":5}},{"start":{},"end":{}}],"line":71},"6":{"loc":{"start":{"line":77,"column":4},"end":{"line":79,"column":5}},"type":"if","locations":[{"start":{"line":77,"column":4},"end":{"line":79,"column":5}},{"start":{},"end":{}}],"line":77}},"s":{"0":1,"1":1,"2":1,"3":1,"4":1,"5":1,"6":1,"7":1,"8":1,"9":3,"10":3,"11":3,"12":1,"13":2,"14":1,"15":1,"16":1,"17":1,"18":0,"19":0,"20":1,"21":4,"22":4,"23":4,"24":1,"25":3,"26":3,"27":1,"28":2,"29":2,"30":1,"31":1,"32":1,"33":1,"34":0,"35":0,"36":1,"37":1,"38":1,"39":1,"40":1},"f":{"0":1,"1":3,"2":4,"3":1,"4":1},"b":{"0":[1,2],"1":[3,3,2],"2":[1,1],"3":[1,3],"4":[4,3],"5":[1,2],"6":[1,1]},"_coverageSchema":"1a1c01bbd47fc00a2c39e90264f33305004495a9","hash":"46c8f0c7c210e96a440260a16c1c264a310bd473"}
,"/mnt/c/Users/newst/projects/gardinier/server/src/utils/jwtUtils.js": {"path":"/mnt/c/Users/newst/projects/gardinier/server/src/utils/jwtUtils.js","statementMap":{"0":{"start":{"line":1,"column":12},"end":{"line":1,"column":35}},"1":{"start":{"line":4,"column":23},"end":{"line":4,"column":52}},"2":{"start":{"line":5,"column":23},"end":{"line":5,"column":27}},"3":{"start":{"line":8,"column":22},"end":{"line":13,"column":1}},"4":{"start":{"line":9,"column":17},"end":{"line":9,"column":57}},"5":{"start":{"line":10,"column":17},"end":{"line":10,"column":57}},"6":{"start":{"line":12,"column":2},"end":{"line":12,"column":65}},"7":{"start":{"line":16,"column":20},"end":{"line":28,"column":1}},"8":{"start":{"line":17,"column":2},"end":{"line":27,"column":3}},"9":{"start":{"line":18,"column":19},"end":{"line":18,"column":59}},"10":{"start":{"line":19,"column":20},"end":{"line":19,"column":45}},"11":{"start":{"line":20,"column":4},"end":{"line":20,"column":58}},"12":{"start":{"line":22,"column":4},"end":{"line":26,"column":6}},"13":{"start":{"line":30,"column":0},"end":{"line":33,"column":2}}},"fnMap":{"0":{"name":"(anonymous_0)","decl":{"start":{"line":8,"column":22},"end":{"line":8,"column":23}},"loc":{"start":{"line":8,"column":34},"end":{"line":13,"column":1}},"line":8},"1":{"name":"(anonymous_1)","decl":{"start":{"line":16,"column":20},"end":{"line":16,"column":21}},"loc":{"start":{"line":16,"column":31},"end":{"line":28,"column":1}},"line":16}},"branchMap":{"0":{"loc":{"start":{"line":9,"column":17},"end":{"line":9,"column":57}},"type":"binary-expr","locations":[{"start":{"line":9,"column":17},"end":{"line":9,"column":39}},{"start":{"line":9,"column":43},"end":{"line":9,"column":57}}],"line":9},"1":{"loc":{"start":{"line":10,"column":17},"end":{"line":10,"column":57}},"type":"binary-expr","locations":[{"start":{"line":10,"column":17},"end":{"line":10,"column":39}},{"start":{"line":10,"column":43},"end":{"line":10,"column":57}}],"line":10},"2":{"loc":{"start":{"line":18,"column":19},"end":{"line":18,"column":59}},"type":"binary-expr","locations":[{"start":{"line":18,"column":19},"end":{"line":18,"column":41}},{"start":{"line":18,"column":45},"end":{"line":18,"column":59}}],"line":18}},"s":{"0":2,"1":2,"2":2,"3":2,"4":2,"5":2,"6":2,"7":2,"8":3,"9":3,"10":3,"11":1,"12":2,"13":2},"f":{"0":2,"1":3},"b":{"0":[2,1],"1":[2,1],"2":[3,3]},"_coverageSchema":"1a1c01bbd47fc00a2c39e90264f33305004495a9","hash":"49d7229f397d66cf12c54369e73890a9dc6b9c5e"}
,"/mnt/c/Users/newst/projects/gardinier/server/src/utils/userService.js": {"path":"/mnt/c/Users/newst/projects/gardinier/server/src/utils/userService.js","statementMap":{"0":{"start":{"line":1,"column":15},"end":{"line":1,"column":34}},"1":{"start":{"line":4,"column":12},"end":{"line":4,"column":14}},"2":{"start":{"line":7,"column":24},"end":{"line":50,"column":1}},"3":{"start":{"line":9,"column":15},"end":{"line":9,"column":39}},"4":{"start":{"line":10,"column":25},"end":{"line":10,"column":59}},"5":{"start":{"line":13,"column":2},"end":{"line":13,"column":13}},"6":{"start":{"line":16,"column":2},"end":{"line":46,"column":5}},"7":{"start":{"line":48,"column":2},"end":{"line":48,"column":59}},"8":{"start":{"line":49,"column":2},"end":{"line":49,"column":15}},"9":{"start":{"line":53,"column":23},"end":{"line":55,"column":1}},"10":{"start":{"line":54,"column":2},"end":{"line":54,"column":56}},"11":{"start":{"line":54,"column":28},"end":{"line":54,"column":54}},"12":{"start":{"line":58,"column":17},"end":{"line":60,"column":1}},"13":{"start":{"line":59,"column":2},"end":{"line":59,"column":44}},"14":{"start":{"line":59,"column":28},"end":{"line":59,"column":42}},"15":{"start":{"line":63,"column":19},"end":{"line":110,"column":1}},"16":{"start":{"line":65,"column":13},"end":{"line":65,"column":42}},"17":{"start":{"line":68,"column":15},"end":{"line":68,"column":39}},"18":{"start":{"line":69,"column":25},"end":{"line":69,"column":67}},"19":{"start":{"line":72,"column":18},"end":{"line":102,"column":3}},"20":{"start":{"line":105,"column":2},"end":{"line":105,"column":22}},"21":{"start":{"line":108,"column":47},"end":{"line":108,"column":54}},"22":{"start":{"line":109,"column":2},"end":{"line":109,"column":29}},"23":{"start":{"line":113,"column":23},"end":{"line":115,"column":1}},"24":{"start":{"line":114,"column":2},"end":{"line":114,"column":55}},"25":{"start":{"line":118,"column":20},"end":{"line":123,"column":1}},"26":{"start":{"line":119,"column":2},"end":{"line":122,"column":5}},"27":{"start":{"line":120,"column":49},"end":{"line":120,"column":53}},"28":{"start":{"line":121,"column":4},"end":{"line":121,"column":31}},"29":{"start":{"line":126,"column":19},"end":{"line":142,"column":1}},"30":{"start":{"line":127,"column":16},"end":{"line":127,"column":55}},"31":{"start":{"line":127,"column":40},"end":{"line":127,"column":54}},"32":{"start":{"line":128,"column":2},"end":{"line":128,"column":32}},"33":{"start":{"line":128,"column":20},"end":{"line":128,"column":32}},"34":{"start":{"line":131,"column":2},"end":{"line":137,"column":4}},"35":{"start":{"line":140,"column":47},"end":{"line":140,"column":59}},"36":{"start":{"line":141,"column":2},"end":{"line":141,"column":29}},"37":{"start":{"line":144,"column":0},"end":{"line":152,"column":2}}},"fnMap":{"0":{"name":"(anonymous_0)","decl":{"start":{"line":7,"column":24},"end":{"line":7,"column":25}},"loc":{"start":{"line":7,"column":36},"end":{"line":50,"column":1}},"line":7},"1":{"name":"(anonymous_1)","decl":{"start":{"line":53,"column":23},"end":{"line":53,"column":24}},"loc":{"start":{"line":53,"column":37},"end":{"line":55,"column":1}},"line":53},"2":{"name":"(anonymous_2)","decl":{"start":{"line":54,"column":20},"end":{"line":54,"column":21}},"loc":{"start":{"line":54,"column":28},"end":{"line":54,"column":54}},"line":54},"3":{"name":"(anonymous_3)","decl":{"start":{"line":58,"column":17},"end":{"line":58,"column":18}},"loc":{"start":{"line":58,"column":25},"end":{"line":60,"column":1}},"line":58},"4":{"name":"(anonymous_4)","decl":{"start":{"line":59,"column":20},"end":{"line":59,"column":21}},"loc":{"start":{"line":59,"column":28},"end":{"line":59,"column":42}},"line":59},"5":{"name":"(anonymous_5)","decl":{"start":{"line":63,"column":19},"end":{"line":63,"column":20}},"loc":{"start":{"line":63,"column":39},"end":{"line":110,"column":1}},"line":63},"6":{"name":"(anonymous_6)","decl":{"start":{"line":113,"column":23},"end":{"line":113,"column":24}},"loc":{"start":{"line":113,"column":49},"end":{"line":115,"column":1}},"line":113},"7":{"name":"(anonymous_7)","decl":{"start":{"line":118,"column":20},"end":{"line":118,"column":21}},"loc":{"start":{"line":118,"column":26},"end":{"line":123,"column":1}},"line":118},"8":{"name":"(anonymous_8)","decl":{"start":{"line":119,"column":19},"end":{"line":119,"column":20}},"loc":{"start":{"line":119,"column":27},"end":{"line":122,"column":3}},"line":119},"9":{"name":"(anonymous_9)","decl":{"start":{"line":126,"column":19},"end":{"line":126,"column":20}},"loc":{"start":{"line":126,"column":37},"end":{"line":142,"column":1}},"line":126},"10":{"name":"(anonymous_10)","decl":{"start":{"line":127,"column":32},"end":{"line":127,"column":33}},"loc":{"start":{"line":127,"column":40},"end":{"line":127,"column":54}},"line":127}},"branchMap":{"0":{"loc":{"start":{"line":79,"column":12},"end":{"line":79,"column":31}},"type":"binary-expr","locations":[{"start":{"line":79,"column":12},"end":{"line":79,"column":25}},{"start":{"line":79,"column":29},"end":{"line":79,"column":31}}],"line":79},"1":{"loc":{"start":{"line":128,"column":2},"end":{"line":128,"column":32}},"type":"if","locations":[{"start":{"line":128,"column":2},"end":{"line":128,"column":32}},{"start":{},"end":{}}],"line":128}},"s":{"0":2,"1":2,"2":2,"3":11,"4":11,"5":11,"6":11,"7":11,"8":11,"9":2,"10":3,"11":3,"12":2,"13":2,"14":2,"15":2,"16":1,"17":1,"18":1,"19":1,"20":1,"21":1,"22":1,"23":2,"24":1,"25":2,"26":1,"27":1,"28":1,"29":2,"30":2,"31":2,"32":2,"33":1,"34":1,"35":1,"36":1,"37":2},"f":{"0":11,"1":3,"2":3,"3":2,"4":2,"5":1,"6":1,"7":1,"8":1,"9":2,"10":2},"b":{"0":[1,0],"1":[1,1]},"_coverageSchema":"1a1c01bbd47fc00a2c39e90264f33305004495a9","hash":"c10bd905e735f9b88ac725e13389835d2053bec6"}
}
