TN:
SF:src/middleware/auth.js
FN:5,(anonymous_0)
FN:42,(anonymous_1)
FN:48,(anonymous_2)
FNF:3
FNH:3
FNDA:6,(anonymous_0)
FNDA:5,(anonymous_1)
FNDA:5,(anonymous_2)
DA:1,1
DA:2,1
DA:5,1
DA:7,6
DA:10,6
DA:11,2
DA:15,4
DA:18,4
DA:20,4
DA:21,2
DA:22,1
DA:24,1
DA:28,2
DA:29,2
DA:30,1
DA:34,1
DA:35,1
DA:38,1
DA:42,1
DA:44,5
DA:45,3
DA:48,5
DA:50,5
DA:51,1
DA:55,4
DA:56,1
DA:60,3
DA:64,1
LF:28
LH:28
BRDA:10,0,0,2
BRDA:10,0,1,4
BRDA:20,1,0,2
BRDA:20,1,1,2
BRDA:21,2,0,1
BRDA:21,2,1,1
BRDA:29,3,0,1
BRDA:29,3,1,1
BRDA:42,4,0,1
BRDA:44,5,0,3
BRDA:44,5,1,2
BRDA:50,6,0,1
BRDA:50,6,1,4
BRDA:55,7,0,1
BRDA:55,7,1,3
BRDA:55,8,0,4
BRDA:55,8,1,3
BRF:17
BRH:17
end_of_record
TN:
SF:src/middleware/rateLimit.js
FNF:0
FNH:0
DA:1,1
DA:4,1
DA:13,1
DA:22,1
DA:31,1
DA:39,1
LF:6
LH:6
BRF:0
BRH:0
end_of_record
TN:
SF:src/models/User.js
FN:67,(anonymous_0)
FN:80,(anonymous_1)
FNF:2
FNH:0
FNDA:0,(anonymous_0)
FNDA:0,(anonymous_1)
DA:1,1
DA:2,1
DA:4,1
DA:67,1
DA:68,0
DA:70,0
DA:71,0
DA:72,0
DA:73,0
DA:75,0
DA:80,1
DA:81,0
DA:85,1
DA:87,1
LF:14
LH:7
BRDA:68,0,0,0
BRDA:68,0,1,0
BRF:2
BRH:0
end_of_record
TN:
SF:src/routes/auth.js
FN:19,(anonymous_0)
FN:26,(anonymous_1)
FN:60,(anonymous_2)
FN:99,(anonymous_3)
FN:108,(anonymous_4)
FNF:5
FNH:5
FNDA:1,(anonymous_0)
FNDA:3,(anonymous_1)
FNDA:4,(anonymous_2)
FNDA:1,(anonymous_3)
FNDA:1,(anonymous_4)
DA:1,1
DA:2,1
DA:9,1
DA:10,1
DA:11,1
DA:16,1
DA:19,1
DA:20,1
DA:26,1
DA:27,3
DA:28,3
DA:31,3
DA:32,1
DA:36,2
DA:37,1
DA:41,1
DA:44,1
DA:47,1
DA:52,0
DA:53,0
DA:60,1
DA:61,4
DA:62,4
DA:65,4
DA:66,1
DA:70,3
DA:71,3
DA:72,1
DA:76,2
DA:77,2
DA:78,1
DA:82,1
DA:85,1
DA:86,1
DA:91,0
DA:92,0
DA:99,1
DA:102,1
DA:108,1
DA:110,1
DA:113,1
LF:41
LH:37
BRDA:31,0,0,1
BRDA:31,0,1,2
BRDA:31,1,0,3
BRDA:31,1,1,3
BRDA:31,1,2,2
BRDA:36,2,0,1
BRDA:36,2,1,1
BRDA:65,3,0,1
BRDA:65,3,1,3
BRDA:65,4,0,4
BRDA:65,4,1,3
BRDA:71,5,0,1
BRDA:71,5,1,2
BRDA:77,6,0,1
BRDA:77,6,1,1
BRF:15
BRH:15
end_of_record
TN:
SF:src/utils/jwtUtils.js
FN:8,(anonymous_0)
FN:16,(anonymous_1)
FNF:2
FNH:2
FNDA:2,(anonymous_0)
FNDA:3,(anonymous_1)
DA:1,2
DA:4,2
DA:5,2
DA:8,2
DA:9,2
DA:10,2
DA:12,2
DA:16,2
DA:17,3
DA:18,3
DA:19,3
DA:20,1
DA:22,2
DA:30,2
LF:14
LH:14
BRDA:9,0,0,2
BRDA:9,0,1,1
BRDA:10,1,0,2
BRDA:10,1,1,1
BRDA:18,2,0,3
BRDA:18,2,1,3
BRF:6
BRH:6
end_of_record
TN:
SF:src/utils/userService.js
FN:7,(anonymous_0)
FN:53,(anonymous_1)
FN:54,(anonymous_2)
FN:58,(anonymous_3)
FN:59,(anonymous_4)
FN:63,(anonymous_5)
FN:113,(anonymous_6)
FN:118,(anonymous_7)
FN:119,(anonymous_8)
FN:126,(anonymous_9)
FN:127,(anonymous_10)
FNF:11
FNH:11
FNDA:11,(anonymous_0)
FNDA:3,(anonymous_1)
FNDA:3,(anonymous_2)
FNDA:2,(anonymous_3)
FNDA:2,(anonymous_4)
FNDA:1,(anonymous_5)
FNDA:1,(anonymous_6)
FNDA:1,(anonymous_7)
FNDA:1,(anonymous_8)
FNDA:2,(anonymous_9)
FNDA:2,(anonymous_10)
DA:1,2
DA:4,2
DA:7,2
DA:9,11
DA:10,11
DA:13,11
DA:16,11
DA:48,11
DA:49,11
DA:53,2
DA:54,3
DA:58,2
DA:59,2
DA:63,2
DA:65,1
DA:68,1
DA:69,1
DA:72,1
DA:105,1
DA:108,1
DA:109,1
DA:113,2
DA:114,1
DA:118,2
DA:119,1
DA:120,1
DA:121,1
DA:126,2
DA:127,2
DA:128,2
DA:131,1
DA:140,1
DA:141,1
DA:144,2
LF:34
LH:34
BRDA:79,0,0,1
BRDA:79,0,1,0
BRDA:128,1,0,1
BRDA:128,1,1,1
BRF:4
BRH:3
end_of_record
